<?xml version="1.0" encoding="UTF-8"?>
<!-- Generated by org.testng.reporters.JUnitReportReporter -->
<testsuite hostname="Platinum24-VAIO" name="WellsFargoPages.RunPage" tests="1" failures="0" timestamp="13 Apr 2015 16:29:40 GMT" time="7.764" errors="0">
  <testcase name="RunTest" time="7.764" classname="WellsFargoPages.RunPage"/>
</testsuite> <!-- WellsFargoPages.RunPage -->
